1699284317707	geckodriver	INFO	Listening on 127.0.0.1:56748
1699284320773	mozrunner::runner	INFO	Running command: "C:\\Program Files\\Mozilla Firefox\\firefox.exe" "--marionette" "--remote-debugging-port" "56749" "--remote-allow-hosts" "localhost" "-no-remote" "-profile" "C:\\Users\\admin\\AppData\\Local\\Temp\\rust_mozprofileupXtnj"
console.warn: services.settings: Ignoring preference override of remote settings server
console.warn: services.settings: Allow by setting MOZ_REMOTE_SETTINGS_DEVTOOLS=1 in the environment
1699284321194	Marionette	INFO	Marionette enabled
Dynamically enable window occlusion 0
1699284321296	Marionette	INFO	Listening on port 56756
WebDriver BiDi listening on ws://127.0.0.1:56749
Read port: 56756
1699284321700	RemoteAgent	WARN	TLS certificate errors will be ignored for this session
DevTools listening on ws://127.0.0.1:56749/devtools/browser/3d428be9-6683-42e7-b0a0-9f2a214f0ea0
JavaScript error: resource:///actors/FormValidationChild.sys.mjs, line 178: TypeError: this._element is null
JavaScript error: https://media.ethicalads.io/media/client/v1.4.0/ethicalads.min.js, line 1: Error: No ad placements found.
console.warn: LoginRecipes: "Falling back to a synchronous message for: https://www.python.org."
1699284325966	Marionette	INFO	Stopped listening on port 56756
Dynamically enable window occlusion 1
1699284347112	geckodriver	INFO	Listening on 127.0.0.1:56800
1699284350174	mozrunner::runner	INFO	Running command: "C:\\Program Files\\Mozilla Firefox\\firefox.exe" "--marionette" "--remote-debugging-port" "56801" "--remote-allow-hosts" "localhost" "-no-remote" "-profile" "C:\\Users\\admin\\AppData\\Local\\Temp\\rust_mozprofile92foDR"
console.warn: services.settings: Ignoring preference override of remote settings server
console.warn: services.settings: Allow by setting MOZ_REMOTE_SETTINGS_DEVTOOLS=1 in the environment
1699284350613	Marionette	INFO	Marionette enabled
Dynamically enable window occlusion 0
1699284350716	Marionette	INFO	Listening on port 56808
WebDriver BiDi listening on ws://127.0.0.1:56801
Read port: 56808
1699284350986	RemoteAgent	WARN	TLS certificate errors will be ignored for this session
DevTools listening on ws://127.0.0.1:56801/devtools/browser/d39c6081-632f-43cb-8bf2-027802b388b2
1699284380667	addons.xpi	ERROR	System addon update list error SyntaxError: XMLHttpRequest.open: 'http://%(server)s/dummy-system-addons.xml' is not a valid URL.
console.warn: LoginRecipes: "Falling back to a synchronous message for: https://www.pinterest.com."
console.warn: "Listener for event 'frame' did not return a promise."
console.warn: "Listener for event 'frame' did not return a promise."
console.warn: LoginRecipes: "Falling back to a synchronous message for: https://www.pinterest.com."
console.warn: LoginRecipes: "Falling back to a synchronous message for: https://www.pinterest.com."
console.warn: LoginRecipes: "Falling back to a synchronous message for: https://www.pinterest.com."
console.warn: LoginRecipes: "Falling back to a synchronous message for: https://www.pinterest.com."
console.error: "Unable to find target with innerWindowId:6442450945"
JavaScript error: resource://gre/modules/LoginManagerChild.sys.mjs, line 121: NS_NOINTERFACE: Component returned failure code: 0x80004002 (NS_NOINTERFACE) [nsIWebProgress.DOMWindow]
console.warn: "Listener for event 'frame' did not return a promise."
JavaScript error: resource://gre/modules/LoginManagerChild.sys.mjs, line 121: NS_NOINTERFACE: Component returned failure code: 0x80004002 (NS_NOINTERFACE) [nsIWebProgress.DOMWindow]
JavaScript error: , line 0: NotFoundError: No such JSWindowActor 'DevToolsFrame'
JavaScript error: , line 0: NotFoundError: No such JSWindowActor 'DevToolsFrame'
JavaScript error: resource://gre/modules/LoginManagerChild.sys.mjs, line 121: NS_NOINTERFACE: Component returned failure code: 0x80004002 (NS_NOINTERFACE) [nsIWebProgress.DOMWindow]
JavaScript error: resource://gre/modules/LoginManagerChild.sys.mjs, line 121: NS_NOINTERFACE: Component returned failure code: 0x80004002 (NS_NOINTERFACE) [nsIWebProgress.DOMWindow]
console.warn: "Listener for event 'frame' did not return a promise."
console.warn: "Listener for event 'frame' did not return a promise."
console.warn: "Listener for event 'frame' did not return a promise."
console.error: "Error while calling actor 'pagestyle's method 'getUsedFontFaces'" "node is null"
console.error: (new TypeError("node is null", "resource://devtools/server/actors/page-style.js", 324))
console.error: "Error while calling actor 'pagestyle's method 'getLayout'" "node is null"
console.error: (new TypeError("node is null", "resource://devtools/server/actors/page-style.js", 922))
console.error: (new TypeError("container.node.targetFront is null", "resource://devtools/client/inspector/markup/markup.js", 2401))
console.error: "Could not get the list of font families" (new Error("Protocol error (TypeError): node is null from: server0.conn0.windowGlobal6442450989/pagestyle20 (resource://devtools/server/actors/page-style.js:324:24)", "resource://devtools/shared/protocol/Front.js", 383))
console.error: (new Error("Protocol error (TypeError): node is null from: server0.conn0.windowGlobal6442450989/pagestyle20 (resource://devtools/server/actors/page-style.js:922:29)", "resource://devtools/shared/protocol/Front.js", 383))
JavaScript error: , line 0: NotFoundError: No such JSWindowActor 'DevToolsFrame'
JavaScript error: , line 0: NotFoundError: No such JSWindowActor 'DevToolsFrame'
JavaScript error: , line 0: NotFoundError: No such JSWindowActor 'DevToolsFrame'
JavaScript error: , line 0: NotFoundError: No such JSWindowActor 'DevToolsFrame'
JavaScript error: , line 0: NotFoundError: No such JSWindowActor 'DevToolsFrame'
JavaScript warning: https://www.googletagmanager.com/gtag/js?id=G-9086LN3SRR, line 161: Script terminated by timeout at:
l@https://www.googletagmanager.com/gtag/js?id=G-9086LN3SRR:161:17
lA@https://www.googletagmanager.com/gtag/js?id=G-9086LN3SRR:484:134
mA/<@https://www.googletagmanager.com/gtag/js?id=G-9086LN3SRR:484:111

